2021-08-23 13:15:31.722  INFO 2906 --- [main] com.shop.service.user.UserApplication    : No active profile set, falling back to default profiles: default
2021-08-23 13:15:33.229  WARN 2906 --- [main] o.s.boot.actuate.endpoint.EndpointId     : Endpoint ID 'nacos-discovery' contains invalid characters, please migrate to a valid format.
2021-08-23 13:15:33.811  INFO 2906 --- [main] .s.d.r.c.RepositoryConfigurationDelegate : Multiple Spring Data modules found, entering strict repository configuration mode!
2021-08-23 13:15:33.815  INFO 2906 --- [main] .s.d.r.c.RepositoryConfigurationDelegate : Bootstrapping Spring Data Redis repositories in DEFAULT mode.
2021-08-23 13:15:33.856  INFO 2906 --- [main] .s.d.r.c.RepositoryConfigurationDelegate : Finished Spring Data repository scanning in 24ms. Found 0 Redis repository interfaces.
2021-08-23 13:15:33.970  WARN 2906 --- [main] o.s.boot.actuate.endpoint.EndpointId     : Endpoint ID 'service-registry' contains invalid characters, please migrate to a valid format.
2021-08-23 13:15:34.206  INFO 2906 --- [main] o.s.cloud.context.scope.GenericScope     : BeanFactory id=897c5a67-8588-3f25-99e7-dfea33768609
2021-08-23 13:15:34.231  INFO 2906 --- [main] trationDelegate$BeanPostProcessorChecker : Bean 'com.shop.service.module.feign.LogFeignService' of type [org.springframework.cloud.openfeign.FeignClientFactoryBean] is not eligible for getting processed by all BeanPostProcessors (for example: not eligible for auto-proxying)
2021-08-23 13:15:34.232  INFO 2906 --- [main] trationDelegate$BeanPostProcessorChecker : Bean 'com.shop.service.module.feign.TokenService' of type [org.springframework.cloud.openfeign.FeignClientFactoryBean] is not eligible for getting processed by all BeanPostProcessors (for example: not eligible for auto-proxying)
2021-08-23 13:15:35.125  INFO 2906 --- [main] o.s.b.w.embedded.tomcat.TomcatWebServer  : Tomcat initialized with port(s): 8001 (http)
2021-08-23 13:15:35.139  INFO 2906 --- [main] o.apache.catalina.core.StandardService   : Starting service [Tomcat]
2021-08-23 13:15:35.139  INFO 2906 --- [main] org.apache.catalina.core.StandardEngine  : Starting Servlet engine: [Apache Tomcat/9.0.41]
2021-08-23 13:15:35.273  INFO 2906 --- [main] o.a.c.c.C.[Tomcat].[localhost].[/]       : Initializing Spring embedded WebApplicationContext
2021-08-23 13:15:35.274  INFO 2906 --- [main] w.s.c.ServletWebServerApplicationContext : Root WebApplicationContext: initialization completed in 3512 ms
2021-08-23 13:15:35.388  WARN 2906 --- [main] c.n.c.sources.URLConfigurationSource     : No URLs will be polled as dynamic configuration sources.
2021-08-23 13:15:35.389  INFO 2906 --- [main] c.n.c.sources.URLConfigurationSource     : To enable URLs as dynamic configuration sources, define System property archaius.configurationSource.additionalUrls or make config.properties available on classpath.
2021-08-23 13:15:35.401  INFO 2906 --- [main] c.netflix.config.DynamicPropertyFactory  : DynamicPropertyFactory is initialized with configuration sources: com.netflix.config.ConcurrentCompositeConfiguration@9c73fff
2021-08-23 13:15:37.345  WARN 2906 --- [main] o.s.s.o.p.t.s.JwtAccessTokenConverter    : Unable to create an RSA verifier from verifierKey (ignoreable if using MAC)
2021-08-23 13:15:37.374  WARN 2906 --- [main] c.n.c.sources.URLConfigurationSource     : No URLs will be polled as dynamic configuration sources.
2021-08-23 13:15:37.374  INFO 2906 --- [main] c.n.c.sources.URLConfigurationSource     : To enable URLs as dynamic configuration sources, define System property archaius.configurationSource.additionalUrls or make config.properties available on classpath.
2021-08-23 13:15:37.531  INFO 2906 --- [main] o.s.s.concurrent.ThreadPoolTaskExecutor  : Initializing ExecutorService 'applicationTaskExecutor'
2021-08-23 13:15:38.094  INFO 2906 --- [main] o.s.s.c.ThreadPoolTaskScheduler          : Initializing ExecutorService
2021-08-23 13:15:38.314  INFO 2906 --- [main] .s.s.UserDetailsServiceAutoConfiguration : 

Using generated security password: 4b7ef9ec-85cc-4da6-b363-aa9a6b8346f4

2021-08-23 13:15:38.644  INFO 2906 --- [main] o.s.s.web.DefaultSecurityFilterChain     : Creating filter chain: any request, [org.springframework.security.web.context.request.async.WebAsyncManagerIntegrationFilter@6802d023, org.springframework.security.web.context.SecurityContextPersistenceFilter@73d83141, org.springframework.security.web.header.HeaderWriterFilter@9f48198, org.springframework.security.web.authentication.logout.LogoutFilter@3a1a0bc, org.springframework.security.oauth2.provider.authentication.OAuth2AuthenticationProcessingFilter@735988cf, org.springframework.security.web.savedrequest.RequestCacheAwareFilter@33356666, org.springframework.security.web.servletapi.SecurityContextHolderAwareRequestFilter@93fb44, org.springframework.security.web.authentication.AnonymousAuthenticationFilter@e895e3e, org.springframework.security.web.session.SessionManagementFilter@651cedfb, org.springframework.security.web.access.ExceptionTranslationFilter@58b5f7d2, org.springframework.security.web.access.intercept.FilterSecurityInterceptor@38c55a8a]
2021-08-23 13:15:39.297  WARN 2906 --- [main] s.o.SpringCloudSecurityAutoConfiguration : All Spring Cloud Security modules and starters are deprecated. They will be moved to individual projects in the next major release.
2021-08-23 13:15:39.303  INFO 2906 --- [main] o.s.b.a.e.web.EndpointLinksResolver      : Exposing 20 endpoint(s) beneath base path '/actuator'
2021-08-23 13:15:39.598  INFO 2906 --- [main] o.s.b.w.embedded.tomcat.TomcatWebServer  : Tomcat started on port(s): 8001 (http) with context path ''
2021-08-23 13:15:39.622  INFO 2906 --- [main] c.a.c.n.registry.NacosServiceRegistry    : nacos registry, DEFAULT_GROUP user-service 172.95.158.24:8001 register finished
2021-08-23 13:15:40.225  INFO 2906 --- [main] s.a.ScheduledAnnotationBeanPostProcessor : No TaskScheduler/ScheduledExecutorService bean found for scheduled processing
2021-08-23 13:15:40.233  INFO 2906 --- [main] com.shop.service.user.UserApplication    : Started UserApplication in 11.503 seconds (JVM running for 14.289)
2021-08-23 13:15:40.321  WARN 2906 --- [registrationTask1] d.c.b.a.c.r.ApplicationRegistrator       : Failed to register application as Application(name=user-service, managementUrl=http://localhost:8001/actuator, healthUrl=http://localhost:8001/actuator/health, serviceUrl=http://localhost:8001/) at spring-boot-admin ([http://localhost:9000/instances]): I/O error on POST request for "http://localhost:9000/instances": Connect to localhost:9000 [localhost/127.0.0.1, localhost/0:0:0:0:0:0:0:1] failed: Connection refused (Connection refused); nested exception is org.apache.http.conn.HttpHostConnectException: Connect to localhost:9000 [localhost/127.0.0.1, localhost/0:0:0:0:0:0:0:1] failed: Connection refused (Connection refused). Further attempts are logged on DEBUG level
2021-08-23 13:15:40.538  INFO 2906 --- [RMI TCP Connection(4)-127.0.0.1] o.a.c.c.C.[Tomcat].[localhost].[/]       : Initializing Spring DispatcherServlet 'dispatcherServlet'
2021-08-23 13:15:40.538  INFO 2906 --- [RMI TCP Connection(4)-127.0.0.1] o.s.web.servlet.DispatcherServlet        : Initializing Servlet 'dispatcherServlet'
2021-08-23 13:15:40.549  INFO 2906 --- [RMI TCP Connection(4)-127.0.0.1] o.s.web.servlet.DispatcherServlet        : Completed initialization in 11 ms
2021-08-23 13:15:40.552  INFO 2906 --- [RMI TCP Connection(3)-127.0.0.1] o.s.a.r.c.CachingConnectionFactory       : Attempting to connect to: [localhost:5672]
2021-08-23 13:15:40.694  INFO 2906 --- [RMI TCP Connection(3)-127.0.0.1] o.s.a.r.c.CachingConnectionFactory       : Created new connection: rabbitConnectionFactory#46d1b59:0/SimpleConnection@7f1b1898 [delegate=amqp://admin@127.0.0.1:5672/, localPort= 52670]
2021-08-23 13:15:40.738  INFO 2906 --- [RMI TCP Connection(3)-127.0.0.1] com.zaxxer.hikari.HikariDataSource       : HikariPool-1 - Starting...
2021-08-23 13:15:42.013  WARN 2906 --- [RMI TCP Connection(3)-127.0.0.1] com.zaxxer.hikari.pool.PoolBase          : HikariPool-1 - Default transaction isolation level detection failed (No operations allowed after connection closed.).
2021-08-23 13:15:42.026 ERROR 2906 --- [RMI TCP Connection(3)-127.0.0.1] com.zaxxer.hikari.pool.HikariPool        : HikariPool-1 - Error thrown while acquiring connection from data source

java.sql.SQLNonTransientConnectionException: No operations allowed after connection closed.
	at com.mysql.cj.jdbc.exceptions.SQLError.createSQLException(SQLError.java:110) ~[mysql-connector-java-8.0.22.jar:8.0.22]
	at com.mysql.cj.jdbc.exceptions.SQLError.createSQLException(SQLError.java:97) ~[mysql-connector-java-8.0.22.jar:8.0.22]
	at com.mysql.cj.jdbc.exceptions.SQLError.createSQLException(SQLError.java:89) ~[mysql-connector-java-8.0.22.jar:8.0.22]
	at com.mysql.cj.jdbc.exceptions.SQLError.createSQLException(SQLError.java:63) ~[mysql-connector-java-8.0.22.jar:8.0.22]
	at com.mysql.cj.jdbc.exceptions.SQLError.createSQLException(SQLError.java:73) ~[mysql-connector-java-8.0.22.jar:8.0.22]
	at com.mysql.cj.jdbc.exceptions.SQLExceptionsMapping.translateException(SQLExceptionsMapping.java:73) ~[mysql-connector-java-8.0.22.jar:8.0.22]
	at com.mysql.cj.jdbc.ConnectionImpl.setTransactionIsolation(ConnectionImpl.java:2269) ~[mysql-connector-java-8.0.22.jar:8.0.22]
	at com.zaxxer.hikari.pool.PoolBase.setupConnection(PoolBase.java:413) ~[HikariCP-3.4.5.jar:na]
	at com.zaxxer.hikari.pool.PoolBase.newConnection(PoolBase.java:363) ~[HikariCP-3.4.5.jar:na]
	at com.zaxxer.hikari.pool.PoolBase.newPoolEntry(PoolBase.java:206) ~[HikariCP-3.4.5.jar:na]
	at com.zaxxer.hikari.pool.HikariPool.createPoolEntry(HikariPool.java:477) [HikariCP-3.4.5.jar:na]
	at com.zaxxer.hikari.pool.HikariPool.checkFailFast(HikariPool.java:560) [HikariCP-3.4.5.jar:na]
	at com.zaxxer.hikari.pool.HikariPool.<init>(HikariPool.java:115) [HikariCP-3.4.5.jar:na]
	at com.zaxxer.hikari.HikariDataSource.getConnection(HikariDataSource.java:112) [HikariCP-3.4.5.jar:na]
	at org.springframework.jdbc.datasource.DataSourceUtils.fetchConnection(DataSourceUtils.java:158) [spring-jdbc-5.2.12.RELEASE.jar:5.2.12.RELEASE]
	at org.springframework.jdbc.datasource.DataSourceUtils.doGetConnection(DataSourceUtils.java:116) [spring-jdbc-5.2.12.RELEASE.jar:5.2.12.RELEASE]
	at org.springframework.jdbc.datasource.DataSourceUtils.getConnection(DataSourceUtils.java:79) [spring-jdbc-5.2.12.RELEASE.jar:5.2.12.RELEASE]
	at org.springframework.jdbc.core.JdbcTemplate.execute(JdbcTemplate.java:324) [spring-jdbc-5.2.12.RELEASE.jar:5.2.12.RELEASE]
	at org.springframework.boot.actuate.jdbc.DataSourceHealthIndicator.getProduct(DataSourceHealthIndicator.java:122) [spring-boot-actuator-2.3.7.RELEASE.jar:2.3.7.RELEASE]
	at org.springframework.boot.actuate.jdbc.DataSourceHealthIndicator.doDataSourceHealthCheck(DataSourceHealthIndicator.java:105) [spring-boot-actuator-2.3.7.RELEASE.jar:2.3.7.RELEASE]
	at org.springframework.boot.actuate.jdbc.DataSourceHealthIndicator.doHealthCheck(DataSourceHealthIndicator.java:100) [spring-boot-actuator-2.3.7.RELEASE.jar:2.3.7.RELEASE]
	at org.springframework.boot.actuate.health.AbstractHealthIndicator.health(AbstractHealthIndicator.java:82) [spring-boot-actuator-2.3.7.RELEASE.jar:2.3.7.RELEASE]
	at org.springframework.boot.actuate.health.HealthIndicator.getHealth(HealthIndicator.java:37) [spring-boot-actuator-2.3.7.RELEASE.jar:2.3.7.RELEASE]
	at org.springframework.boot.actuate.health.HealthEndpoint.getHealth(HealthEndpoint.java:71) [spring-boot-actuator-2.3.7.RELEASE.jar:2.3.7.RELEASE]
	at org.springframework.boot.actuate.health.HealthEndpoint.getHealth(HealthEndpoint.java:39) [spring-boot-actuator-2.3.7.RELEASE.jar:2.3.7.RELEASE]
	at org.springframework.boot.actuate.health.HealthEndpointSupport.getContribution(HealthEndpointSupport.java:99) [spring-boot-actuator-2.3.7.RELEASE.jar:2.3.7.RELEASE]
	at org.springframework.boot.actuate.health.HealthEndpointSupport.getAggregateHealth(HealthEndpointSupport.java:110) [spring-boot-actuator-2.3.7.RELEASE.jar:2.3.7.RELEASE]
	at org.springframework.boot.actuate.health.HealthEndpointSupport.getContribution(HealthEndpointSupport.java:96) [spring-boot-actuator-2.3.7.RELEASE.jar:2.3.7.RELEASE]
	at org.springframework.boot.actuate.health.HealthEndpointSupport.getHealth(HealthEndpointSupport.java:74) [spring-boot-actuator-2.3.7.RELEASE.jar:2.3.7.RELEASE]
	at org.springframework.boot.actuate.health.HealthEndpointSupport.getHealth(HealthEndpointSupport.java:61) [spring-boot-actuator-2.3.7.RELEASE.jar:2.3.7.RELEASE]
	at org.springframework.boot.actuate.health.HealthEndpoint.health(HealthEndpoint.java:65) [spring-boot-actuator-2.3.7.RELEASE.jar:2.3.7.RELEASE]
	at org.springframework.boot.actuate.health.HealthEndpoint.health(HealthEndpoint.java:55) [spring-boot-actuator-2.3.7.RELEASE.jar:2.3.7.RELEASE]
	at sun.reflect.NativeMethodAccessorImpl.invoke0(Native Method) ~[na:1.8.0_261]
	at sun.reflect.NativeMethodAccessorImpl.invoke(NativeMethodAccessorImpl.java:62) ~[na:1.8.0_261]
	at sun.reflect.DelegatingMethodAccessorImpl.invoke(DelegatingMethodAccessorImpl.java:43) ~[na:1.8.0_261]
	at java.lang.reflect.Method.invoke(Method.java:498) ~[na:1.8.0_261]
	at org.springframework.util.ReflectionUtils.invokeMethod(ReflectionUtils.java:282) [spring-core-5.2.12.RELEASE.jar:5.2.12.RELEASE]
	at org.springframework.boot.actuate.endpoint.invoke.reflect.ReflectiveOperationInvoker.invoke(ReflectiveOperationInvoker.java:77) [spring-boot-actuator-2.3.7.RELEASE.jar:2.3.7.RELEASE]
	at org.springframework.boot.actuate.endpoint.annotation.AbstractDiscoveredOperation.invoke(AbstractDiscoveredOperation.java:60) [spring-boot-actuator-2.3.7.RELEASE.jar:2.3.7.RELEASE]
	at org.springframework.boot.actuate.endpoint.jmx.EndpointMBean.invoke(EndpointMBean.java:121) [spring-boot-actuator-2.3.7.RELEASE.jar:2.3.7.RELEASE]
	at org.springframework.boot.actuate.endpoint.jmx.EndpointMBean.invoke(EndpointMBean.java:96) [spring-boot-actuator-2.3.7.RELEASE.jar:2.3.7.RELEASE]
	at com.sun.jmx.interceptor.DefaultMBeanServerInterceptor.invoke(DefaultMBeanServerInterceptor.java:819) [na:1.8.0_261]
	at com.sun.jmx.mbeanserver.JmxMBeanServer.invoke(JmxMBeanServer.java:801) [na:1.8.0_261]
	at javax.management.remote.rmi.RMIConnectionImpl.doOperation(RMIConnectionImpl.java:1468) [na:1.8.0_261]
	at javax.management.remote.rmi.RMIConnectionImpl.access$300(RMIConnectionImpl.java:76) [na:1.8.0_261]
	at javax.management.remote.rmi.RMIConnectionImpl$PrivilegedOperation.run(RMIConnectionImpl.java:1309) [na:1.8.0_261]
	at javax.management.remote.rmi.RMIConnectionImpl.doPrivilegedOperation(RMIConnectionImpl.java:1401) [na:1.8.0_261]
	at javax.management.remote.rmi.RMIConnectionImpl.invoke(RMIConnectionImpl.java:829) [na:1.8.0_261]
	at sun.reflect.GeneratedMethodAccessor120.invoke(Unknown Source) ~[na:na]
	at sun.reflect.DelegatingMethodAccessorImpl.invoke(DelegatingMethodAccessorImpl.java:43) ~[na:1.8.0_261]
	at java.lang.reflect.Method.invoke(Method.java:498) ~[na:1.8.0_261]
	at sun.rmi.server.UnicastServerRef.dispatch(UnicastServerRef.java:357) [na:1.8.0_261]
	at sun.rmi.transport.Transport$1.run(Transport.java:200) [na:1.8.0_261]
	at sun.rmi.transport.Transport$1.run(Transport.java:197) [na:1.8.0_261]
	at java.security.AccessController.doPrivileged(Native Method) [na:1.8.0_261]
	at sun.rmi.transport.Transport.serviceCall(Transport.java:196) [na:1.8.0_261]
	at sun.rmi.transport.tcp.TCPTransport.handleMessages(TCPTransport.java:573) [na:1.8.0_261]
	at sun.rmi.transport.tcp.TCPTransport$ConnectionHandler.run0(TCPTransport.java:834) [na:1.8.0_261]
	at sun.rmi.transport.tcp.TCPTransport$ConnectionHandler.lambda$run$0(TCPTransport.java:688) [na:1.8.0_261]
	at java.security.AccessController.doPrivileged(Native Method) [na:1.8.0_261]
	at sun.rmi.transport.tcp.TCPTransport$ConnectionHandler.run(TCPTransport.java:687) [na:1.8.0_261]
	at java.util.concurrent.ThreadPoolExecutor.runWorker(ThreadPoolExecutor.java:1149) ~[na:1.8.0_261]
	at java.util.concurrent.ThreadPoolExecutor$Worker.run(ThreadPoolExecutor.java:624) ~[na:1.8.0_261]
	at java.lang.Thread.run(Thread.java:748) ~[na:1.8.0_261]
Caused by: com.mysql.cj.exceptions.ConnectionIsClosedException: No operations allowed after connection closed.
	at sun.reflect.NativeConstructorAccessorImpl.newInstance0(Native Method) ~[na:1.8.0_261]
	at sun.reflect.NativeConstructorAccessorImpl.newInstance(NativeConstructorAccessorImpl.java:62) ~[na:1.8.0_261]
	at sun.reflect.DelegatingConstructorAccessorImpl.newInstance(DelegatingConstructorAccessorImpl.java:45) ~[na:1.8.0_261]
	at java.lang.reflect.Constructor.newInstance(Constructor.java:423) ~[na:1.8.0_261]
	at com.mysql.cj.exceptions.ExceptionFactory.createException(ExceptionFactory.java:61) ~[mysql-connector-java-8.0.22.jar:8.0.22]
	at com.mysql.cj.exceptions.ExceptionFactory.createException(ExceptionFactory.java:105) ~[mysql-connector-java-8.0.22.jar:8.0.22]
	at com.mysql.cj.exceptions.ExceptionFactory.createException(ExceptionFactory.java:151) ~[mysql-connector-java-8.0.22.jar:8.0.22]
	at com.mysql.cj.NativeSession.checkClosed(NativeSession.java:1171) ~[mysql-connector-java-8.0.22.jar:8.0.22]
	at com.mysql.cj.jdbc.ConnectionImpl.checkClosed(ConnectionImpl.java:576) ~[mysql-connector-java-8.0.22.jar:8.0.22]
	at com.mysql.cj.jdbc.ConnectionImpl.setTransactionIsolation(ConnectionImpl.java:2216) ~[mysql-connector-java-8.0.22.jar:8.0.22]
	... 57 common frames omitted

2021-08-23 13:15:42.029 ERROR 2906 --- [RMI TCP Connection(3)-127.0.0.1] com.zaxxer.hikari.pool.HikariPool        : HikariPool-1 - Exception during pool initialization.

java.sql.SQLNonTransientConnectionException: No operations allowed after connection closed.
	at com.mysql.cj.jdbc.exceptions.SQLError.createSQLException(SQLError.java:110) ~[mysql-connector-java-8.0.22.jar:8.0.22]
	at com.mysql.cj.jdbc.exceptions.SQLError.createSQLException(SQLError.java:97) ~[mysql-connector-java-8.0.22.jar:8.0.22]
	at com.mysql.cj.jdbc.exceptions.SQLError.createSQLException(SQLError.java:89) ~[mysql-connector-java-8.0.22.jar:8.0.22]
	at com.mysql.cj.jdbc.exceptions.SQLError.createSQLException(SQLError.java:63) ~[mysql-connector-java-8.0.22.jar:8.0.22]
	at com.mysql.cj.jdbc.exceptions.SQLError.createSQLException(SQLError.java:73) ~[mysql-connector-java-8.0.22.jar:8.0.22]
	at com.mysql.cj.jdbc.exceptions.SQLExceptionsMapping.translateException(SQLExceptionsMapping.java:73) ~[mysql-connector-java-8.0.22.jar:8.0.22]
	at com.mysql.cj.jdbc.ConnectionImpl.setTransactionIsolation(ConnectionImpl.java:2269) ~[mysql-connector-java-8.0.22.jar:8.0.22]
	at com.zaxxer.hikari.pool.PoolBase.setupConnection(PoolBase.java:413) ~[HikariCP-3.4.5.jar:na]
	at com.zaxxer.hikari.pool.PoolBase.newConnection(PoolBase.java:363) ~[HikariCP-3.4.5.jar:na]
	at com.zaxxer.hikari.pool.PoolBase.newPoolEntry(PoolBase.java:206) ~[HikariCP-3.4.5.jar:na]
	at com.zaxxer.hikari.pool.HikariPool.createPoolEntry(HikariPool.java:477) [HikariCP-3.4.5.jar:na]
	at com.zaxxer.hikari.pool.HikariPool.checkFailFast(HikariPool.java:560) [HikariCP-3.4.5.jar:na]
	at com.zaxxer.hikari.pool.HikariPool.<init>(HikariPool.java:115) [HikariCP-3.4.5.jar:na]
	at com.zaxxer.hikari.HikariDataSource.getConnection(HikariDataSource.java:112) [HikariCP-3.4.5.jar:na]
	at org.springframework.jdbc.datasource.DataSourceUtils.fetchConnection(DataSourceUtils.java:158) [spring-jdbc-5.2.12.RELEASE.jar:5.2.12.RELEASE]
	at org.springframework.jdbc.datasource.DataSourceUtils.doGetConnection(DataSourceUtils.java:116) [spring-jdbc-5.2.12.RELEASE.jar:5.2.12.RELEASE]
	at org.springframework.jdbc.datasource.DataSourceUtils.getConnection(DataSourceUtils.java:79) [spring-jdbc-5.2.12.RELEASE.jar:5.2.12.RELEASE]
	at org.springframework.jdbc.core.JdbcTemplate.execute(JdbcTemplate.java:324) [spring-jdbc-5.2.12.RELEASE.jar:5.2.12.RELEASE]
	at org.springframework.boot.actuate.jdbc.DataSourceHealthIndicator.getProduct(DataSourceHealthIndicator.java:122) [spring-boot-actuator-2.3.7.RELEASE.jar:2.3.7.RELEASE]
	at org.springframework.boot.actuate.jdbc.DataSourceHealthIndicator.doDataSourceHealthCheck(DataSourceHealthIndicator.java:105) [spring-boot-actuator-2.3.7.RELEASE.jar:2.3.7.RELEASE]
	at org.springframework.boot.actuate.jdbc.DataSourceHealthIndicator.doHealthCheck(DataSourceHealthIndicator.java:100) [spring-boot-actuator-2.3.7.RELEASE.jar:2.3.7.RELEASE]
	at org.springframework.boot.actuate.health.AbstractHealthIndicator.health(AbstractHealthIndicator.java:82) [spring-boot-actuator-2.3.7.RELEASE.jar:2.3.7.RELEASE]
	at org.springframework.boot.actuate.health.HealthIndicator.getHealth(HealthIndicator.java:37) [spring-boot-actuator-2.3.7.RELEASE.jar:2.3.7.RELEASE]
	at org.springframework.boot.actuate.health.HealthEndpoint.getHealth(HealthEndpoint.java:71) [spring-boot-actuator-2.3.7.RELEASE.jar:2.3.7.RELEASE]
	at org.springframework.boot.actuate.health.HealthEndpoint.getHealth(HealthEndpoint.java:39) [spring-boot-actuator-2.3.7.RELEASE.jar:2.3.7.RELEASE]
	at org.springframework.boot.actuate.health.HealthEndpointSupport.getContribution(HealthEndpointSupport.java:99) [spring-boot-actuator-2.3.7.RELEASE.jar:2.3.7.RELEASE]
	at org.springframework.boot.actuate.health.HealthEndpointSupport.getAggregateHealth(HealthEndpointSupport.java:110) [spring-boot-actuator-2.3.7.RELEASE.jar:2.3.7.RELEASE]
	at org.springframework.boot.actuate.health.HealthEndpointSupport.getContribution(HealthEndpointSupport.java:96) [spring-boot-actuator-2.3.7.RELEASE.jar:2.3.7.RELEASE]
	at org.springframework.boot.actuate.health.HealthEndpointSupport.getHealth(HealthEndpointSupport.java:74) [spring-boot-actuator-2.3.7.RELEASE.jar:2.3.7.RELEASE]
	at org.springframework.boot.actuate.health.HealthEndpointSupport.getHealth(HealthEndpointSupport.java:61) [spring-boot-actuator-2.3.7.RELEASE.jar:2.3.7.RELEASE]
	at org.springframework.boot.actuate.health.HealthEndpoint.health(HealthEndpoint.java:65) [spring-boot-actuator-2.3.7.RELEASE.jar:2.3.7.RELEASE]
	at org.springframework.boot.actuate.health.HealthEndpoint.health(HealthEndpoint.java:55) [spring-boot-actuator-2.3.7.RELEASE.jar:2.3.7.RELEASE]
	at sun.reflect.NativeMethodAccessorImpl.invoke0(Native Method) ~[na:1.8.0_261]
	at sun.reflect.NativeMethodAccessorImpl.invoke(NativeMethodAccessorImpl.java:62) ~[na:1.8.0_261]
	at sun.reflect.DelegatingMethodAccessorImpl.invoke(DelegatingMethodAccessorImpl.java:43) ~[na:1.8.0_261]
	at java.lang.reflect.Method.invoke(Method.java:498) ~[na:1.8.0_261]
	at org.springframework.util.ReflectionUtils.invokeMethod(ReflectionUtils.java:282) [spring-core-5.2.12.RELEASE.jar:5.2.12.RELEASE]
	at org.springframework.boot.actuate.endpoint.invoke.reflect.ReflectiveOperationInvoker.invoke(ReflectiveOperationInvoker.java:77) [spring-boot-actuator-2.3.7.RELEASE.jar:2.3.7.RELEASE]
	at org.springframework.boot.actuate.endpoint.annotation.AbstractDiscoveredOperation.invoke(AbstractDiscoveredOperation.java:60) [spring-boot-actuator-2.3.7.RELEASE.jar:2.3.7.RELEASE]
	at org.springframework.boot.actuate.endpoint.jmx.EndpointMBean.invoke(EndpointMBean.java:121) [spring-boot-actuator-2.3.7.RELEASE.jar:2.3.7.RELEASE]
	at org.springframework.boot.actuate.endpoint.jmx.EndpointMBean.invoke(EndpointMBean.java:96) [spring-boot-actuator-2.3.7.RELEASE.jar:2.3.7.RELEASE]
	at com.sun.jmx.interceptor.DefaultMBeanServerInterceptor.invoke(DefaultMBeanServerInterceptor.java:819) [na:1.8.0_261]
	at com.sun.jmx.mbeanserver.JmxMBeanServer.invoke(JmxMBeanServer.java:801) [na:1.8.0_261]
	at javax.management.remote.rmi.RMIConnectionImpl.doOperation(RMIConnectionImpl.java:1468) [na:1.8.0_261]
	at javax.management.remote.rmi.RMIConnectionImpl.access$300(RMIConnectionImpl.java:76) [na:1.8.0_261]
	at javax.management.remote.rmi.RMIConnectionImpl$PrivilegedOperation.run(RMIConnectionImpl.java:1309) [na:1.8.0_261]
	at javax.management.remote.rmi.RMIConnectionImpl.doPrivilegedOperation(RMIConnectionImpl.java:1401) [na:1.8.0_261]
	at javax.management.remote.rmi.RMIConnectionImpl.invoke(RMIConnectionImpl.java:829) [na:1.8.0_261]
	at sun.reflect.GeneratedMethodAccessor120.invoke(Unknown Source) ~[na:na]
	at sun.reflect.DelegatingMethodAccessorImpl.invoke(DelegatingMethodAccessorImpl.java:43) ~[na:1.8.0_261]
	at java.lang.reflect.Method.invoke(Method.java:498) ~[na:1.8.0_261]
	at sun.rmi.server.UnicastServerRef.dispatch(UnicastServerRef.java:357) [na:1.8.0_261]
	at sun.rmi.transport.Transport$1.run(Transport.java:200) [na:1.8.0_261]
	at sun.rmi.transport.Transport$1.run(Transport.java:197) [na:1.8.0_261]
	at java.security.AccessController.doPrivileged(Native Method) [na:1.8.0_261]
	at sun.rmi.transport.Transport.serviceCall(Transport.java:196) [na:1.8.0_261]
	at sun.rmi.transport.tcp.TCPTransport.handleMessages(TCPTransport.java:573) [na:1.8.0_261]
	at sun.rmi.transport.tcp.TCPTransport$ConnectionHandler.run0(TCPTransport.java:834) [na:1.8.0_261]
	at sun.rmi.transport.tcp.TCPTransport$ConnectionHandler.lambda$run$0(TCPTransport.java:688) [na:1.8.0_261]
	at java.security.AccessController.doPrivileged(Native Method) [na:1.8.0_261]
	at sun.rmi.transport.tcp.TCPTransport$ConnectionHandler.run(TCPTransport.java:687) [na:1.8.0_261]
	at java.util.concurrent.ThreadPoolExecutor.runWorker(ThreadPoolExecutor.java:1149) ~[na:1.8.0_261]
	at java.util.concurrent.ThreadPoolExecutor$Worker.run(ThreadPoolExecutor.java:624) ~[na:1.8.0_261]
	at java.lang.Thread.run(Thread.java:748) ~[na:1.8.0_261]
Caused by: com.mysql.cj.exceptions.ConnectionIsClosedException: No operations allowed after connection closed.
	at sun.reflect.NativeConstructorAccessorImpl.newInstance0(Native Method) ~[na:1.8.0_261]
	at sun.reflect.NativeConstructorAccessorImpl.newInstance(NativeConstructorAccessorImpl.java:62) ~[na:1.8.0_261]
	at sun.reflect.DelegatingConstructorAccessorImpl.newInstance(DelegatingConstructorAccessorImpl.java:45) ~[na:1.8.0_261]
	at java.lang.reflect.Constructor.newInstance(Constructor.java:423) ~[na:1.8.0_261]
	at com.mysql.cj.exceptions.ExceptionFactory.createException(ExceptionFactory.java:61) ~[mysql-connector-java-8.0.22.jar:8.0.22]
	at com.mysql.cj.exceptions.ExceptionFactory.createException(ExceptionFactory.java:105) ~[mysql-connector-java-8.0.22.jar:8.0.22]
	at com.mysql.cj.exceptions.ExceptionFactory.createException(ExceptionFactory.java:151) ~[mysql-connector-java-8.0.22.jar:8.0.22]
	at com.mysql.cj.NativeSession.checkClosed(NativeSession.java:1171) ~[mysql-connector-java-8.0.22.jar:8.0.22]
	at com.mysql.cj.jdbc.ConnectionImpl.checkClosed(ConnectionImpl.java:576) ~[mysql-connector-java-8.0.22.jar:8.0.22]
	at com.mysql.cj.jdbc.ConnectionImpl.setTransactionIsolation(ConnectionImpl.java:2216) ~[mysql-connector-java-8.0.22.jar:8.0.22]
	... 57 common frames omitted

2021-08-23 13:15:42.034  WARN 2906 --- [RMI TCP Connection(3)-127.0.0.1] o.s.b.a.jdbc.DataSourceHealthIndicator   : DataSource health check failed

org.springframework.jdbc.CannotGetJdbcConnectionException: Failed to obtain JDBC Connection; nested exception is java.sql.SQLNonTransientConnectionException: No operations allowed after connection closed.
	at org.springframework.jdbc.datasource.DataSourceUtils.getConnection(DataSourceUtils.java:82) ~[spring-jdbc-5.2.12.RELEASE.jar:5.2.12.RELEASE]
	at org.springframework.jdbc.core.JdbcTemplate.execute(JdbcTemplate.java:324) ~[spring-jdbc-5.2.12.RELEASE.jar:5.2.12.RELEASE]
	at org.springframework.boot.actuate.jdbc.DataSourceHealthIndicator.getProduct(DataSourceHealthIndicator.java:122) ~[spring-boot-actuator-2.3.7.RELEASE.jar:2.3.7.RELEASE]
	at org.springframework.boot.actuate.jdbc.DataSourceHealthIndicator.doDataSourceHealthCheck(DataSourceHealthIndicator.java:105) ~[spring-boot-actuator-2.3.7.RELEASE.jar:2.3.7.RELEASE]
	at org.springframework.boot.actuate.jdbc.DataSourceHealthIndicator.doHealthCheck(DataSourceHealthIndicator.java:100) ~[spring-boot-actuator-2.3.7.RELEASE.jar:2.3.7.RELEASE]
	at org.springframework.boot.actuate.health.AbstractHealthIndicator.health(AbstractHealthIndicator.java:82) ~[spring-boot-actuator-2.3.7.RELEASE.jar:2.3.7.RELEASE]
	at org.springframework.boot.actuate.health.HealthIndicator.getHealth(HealthIndicator.java:37) [spring-boot-actuator-2.3.7.RELEASE.jar:2.3.7.RELEASE]
	at org.springframework.boot.actuate.health.HealthEndpoint.getHealth(HealthEndpoint.java:71) [spring-boot-actuator-2.3.7.RELEASE.jar:2.3.7.RELEASE]
	at org.springframework.boot.actuate.health.HealthEndpoint.getHealth(HealthEndpoint.java:39) [spring-boot-actuator-2.3.7.RELEASE.jar:2.3.7.RELEASE]
	at org.springframework.boot.actuate.health.HealthEndpointSupport.getContribution(HealthEndpointSupport.java:99) [spring-boot-actuator-2.3.7.RELEASE.jar:2.3.7.RELEASE]
	at org.springframework.boot.actuate.health.HealthEndpointSupport.getAggregateHealth(HealthEndpointSupport.java:110) [spring-boot-actuator-2.3.7.RELEASE.jar:2.3.7.RELEASE]
	at org.springframework.boot.actuate.health.HealthEndpointSupport.getContribution(HealthEndpointSupport.java:96) [spring-boot-actuator-2.3.7.RELEASE.jar:2.3.7.RELEASE]
	at org.springframework.boot.actuate.health.HealthEndpointSupport.getHealth(HealthEndpointSupport.java:74) [spring-boot-actuator-2.3.7.RELEASE.jar:2.3.7.RELEASE]
	at org.springframework.boot.actuate.health.HealthEndpointSupport.getHealth(HealthEndpointSupport.java:61) [spring-boot-actuator-2.3.7.RELEASE.jar:2.3.7.RELEASE]
	at org.springframework.boot.actuate.health.HealthEndpoint.health(HealthEndpoint.java:65) [spring-boot-actuator-2.3.7.RELEASE.jar:2.3.7.RELEASE]
	at org.springframework.boot.actuate.health.HealthEndpoint.health(HealthEndpoint.java:55) [spring-boot-actuator-2.3.7.RELEASE.jar:2.3.7.RELEASE]
	at sun.reflect.NativeMethodAccessorImpl.invoke0(Native Method) ~[na:1.8.0_261]
	at sun.reflect.NativeMethodAccessorImpl.invoke(NativeMethodAccessorImpl.java:62) ~[na:1.8.0_261]
	at sun.reflect.DelegatingMethodAccessorImpl.invoke(DelegatingMethodAccessorImpl.java:43) ~[na:1.8.0_261]
	at java.lang.reflect.Method.invoke(Method.java:498) ~[na:1.8.0_261]
	at org.springframework.util.ReflectionUtils.invokeMethod(ReflectionUtils.java:282) [spring-core-5.2.12.RELEASE.jar:5.2.12.RELEASE]
	at org.springframework.boot.actuate.endpoint.invoke.reflect.ReflectiveOperationInvoker.invoke(ReflectiveOperationInvoker.java:77) [spring-boot-actuator-2.3.7.RELEASE.jar:2.3.7.RELEASE]
	at org.springframework.boot.actuate.endpoint.annotation.AbstractDiscoveredOperation.invoke(AbstractDiscoveredOperation.java:60) [spring-boot-actuator-2.3.7.RELEASE.jar:2.3.7.RELEASE]
	at org.springframework.boot.actuate.endpoint.jmx.EndpointMBean.invoke(EndpointMBean.java:121) [spring-boot-actuator-2.3.7.RELEASE.jar:2.3.7.RELEASE]
	at org.springframework.boot.actuate.endpoint.jmx.EndpointMBean.invoke(EndpointMBean.java:96) [spring-boot-actuator-2.3.7.RELEASE.jar:2.3.7.RELEASE]
	at com.sun.jmx.interceptor.DefaultMBeanServerInterceptor.invoke(DefaultMBeanServerInterceptor.java:819) [na:1.8.0_261]
	at com.sun.jmx.mbeanserver.JmxMBeanServer.invoke(JmxMBeanServer.java:801) [na:1.8.0_261]
	at javax.management.remote.rmi.RMIConnectionImpl.doOperation(RMIConnectionImpl.java:1468) [na:1.8.0_261]
	at javax.management.remote.rmi.RMIConnectionImpl.access$300(RMIConnectionImpl.java:76) [na:1.8.0_261]
	at javax.management.remote.rmi.RMIConnectionImpl$PrivilegedOperation.run(RMIConnectionImpl.java:1309) [na:1.8.0_261]
	at javax.management.remote.rmi.RMIConnectionImpl.doPrivilegedOperation(RMIConnectionImpl.java:1401) [na:1.8.0_261]
	at javax.management.remote.rmi.RMIConnectionImpl.invoke(RMIConnectionImpl.java:829) [na:1.8.0_261]
	at sun.reflect.GeneratedMethodAccessor120.invoke(Unknown Source) ~[na:na]
	at sun.reflect.DelegatingMethodAccessorImpl.invoke(DelegatingMethodAccessorImpl.java:43) ~[na:1.8.0_261]
	at java.lang.reflect.Method.invoke(Method.java:498) ~[na:1.8.0_261]
	at sun.rmi.server.UnicastServerRef.dispatch(UnicastServerRef.java:357) [na:1.8.0_261]
	at sun.rmi.transport.Transport$1.run(Transport.java:200) [na:1.8.0_261]
	at sun.rmi.transport.Transport$1.run(Transport.java:197) [na:1.8.0_261]
	at java.security.AccessController.doPrivileged(Native Method) [na:1.8.0_261]
	at sun.rmi.transport.Transport.serviceCall(Transport.java:196) [na:1.8.0_261]
	at sun.rmi.transport.tcp.TCPTransport.handleMessages(TCPTransport.java:573) [na:1.8.0_261]
	at sun.rmi.transport.tcp.TCPTransport$ConnectionHandler.run0(TCPTransport.java:834) [na:1.8.0_261]
	at sun.rmi.transport.tcp.TCPTransport$ConnectionHandler.lambda$run$0(TCPTransport.java:688) [na:1.8.0_261]
	at java.security.AccessController.doPrivileged(Native Method) [na:1.8.0_261]
	at sun.rmi.transport.tcp.TCPTransport$ConnectionHandler.run(TCPTransport.java:687) [na:1.8.0_261]
	at java.util.concurrent.ThreadPoolExecutor.runWorker(ThreadPoolExecutor.java:1149) ~[na:1.8.0_261]
	at java.util.concurrent.ThreadPoolExecutor$Worker.run(ThreadPoolExecutor.java:624) ~[na:1.8.0_261]
	at java.lang.Thread.run(Thread.java:748) ~[na:1.8.0_261]
Caused by: java.sql.SQLNonTransientConnectionException: No operations allowed after connection closed.
	at com.mysql.cj.jdbc.exceptions.SQLError.createSQLException(SQLError.java:110) ~[mysql-connector-java-8.0.22.jar:8.0.22]
	at com.mysql.cj.jdbc.exceptions.SQLError.createSQLException(SQLError.java:97) ~[mysql-connector-java-8.0.22.jar:8.0.22]
	at com.mysql.cj.jdbc.exceptions.SQLError.createSQLException(SQLError.java:89) ~[mysql-connector-java-8.0.22.jar:8.0.22]
	at com.mysql.cj.jdbc.exceptions.SQLError.createSQLException(SQLError.java:63) ~[mysql-connector-java-8.0.22.jar:8.0.22]
	at com.mysql.cj.jdbc.exceptions.SQLError.createSQLException(SQLError.java:73) ~[mysql-connector-java-8.0.22.jar:8.0.22]
	at com.mysql.cj.jdbc.exceptions.SQLExceptionsMapping.translateException(SQLExceptionsMapping.java:73) ~[mysql-connector-java-8.0.22.jar:8.0.22]
	at com.mysql.cj.jdbc.ConnectionImpl.setTransactionIsolation(ConnectionImpl.java:2269) ~[mysql-connector-java-8.0.22.jar:8.0.22]
	at com.zaxxer.hikari.pool.PoolBase.setupConnection(PoolBase.java:413) ~[HikariCP-3.4.5.jar:na]
	at com.zaxxer.hikari.pool.PoolBase.newConnection(PoolBase.java:363) ~[HikariCP-3.4.5.jar:na]
	at com.zaxxer.hikari.pool.PoolBase.newPoolEntry(PoolBase.java:206) ~[HikariCP-3.4.5.jar:na]
	at com.zaxxer.hikari.pool.HikariPool.createPoolEntry(HikariPool.java:477) ~[HikariCP-3.4.5.jar:na]
	at com.zaxxer.hikari.pool.HikariPool.checkFailFast(HikariPool.java:560) ~[HikariCP-3.4.5.jar:na]
	at com.zaxxer.hikari.pool.HikariPool.<init>(HikariPool.java:115) ~[HikariCP-3.4.5.jar:na]
	at com.zaxxer.hikari.HikariDataSource.getConnection(HikariDataSource.java:112) ~[HikariCP-3.4.5.jar:na]
	at org.springframework.jdbc.datasource.DataSourceUtils.fetchConnection(DataSourceUtils.java:158) ~[spring-jdbc-5.2.12.RELEASE.jar:5.2.12.RELEASE]
	at org.springframework.jdbc.datasource.DataSourceUtils.doGetConnection(DataSourceUtils.java:116) ~[spring-jdbc-5.2.12.RELEASE.jar:5.2.12.RELEASE]
	at org.springframework.jdbc.datasource.DataSourceUtils.getConnection(DataSourceUtils.java:79) ~[spring-jdbc-5.2.12.RELEASE.jar:5.2.12.RELEASE]
	... 47 common frames omitted
Caused by: com.mysql.cj.exceptions.ConnectionIsClosedException: No operations allowed after connection closed.
	at sun.reflect.NativeConstructorAccessorImpl.newInstance0(Native Method) ~[na:1.8.0_261]
	at sun.reflect.NativeConstructorAccessorImpl.newInstance(NativeConstructorAccessorImpl.java:62) ~[na:1.8.0_261]
	at sun.reflect.DelegatingConstructorAccessorImpl.newInstance(DelegatingConstructorAccessorImpl.java:45) ~[na:1.8.0_261]
	at java.lang.reflect.Constructor.newInstance(Constructor.java:423) ~[na:1.8.0_261]
	at com.mysql.cj.exceptions.ExceptionFactory.createException(ExceptionFactory.java:61) ~[mysql-connector-java-8.0.22.jar:8.0.22]
	at com.mysql.cj.exceptions.ExceptionFactory.createException(ExceptionFactory.java:105) ~[mysql-connector-java-8.0.22.jar:8.0.22]
	at com.mysql.cj.exceptions.ExceptionFactory.createException(ExceptionFactory.java:151) ~[mysql-connector-java-8.0.22.jar:8.0.22]
	at com.mysql.cj.NativeSession.checkClosed(NativeSession.java:1171) ~[mysql-connector-java-8.0.22.jar:8.0.22]
	at com.mysql.cj.jdbc.ConnectionImpl.checkClosed(ConnectionImpl.java:576) ~[mysql-connector-java-8.0.22.jar:8.0.22]
	at com.mysql.cj.jdbc.ConnectionImpl.setTransactionIsolation(ConnectionImpl.java:2216) ~[mysql-connector-java-8.0.22.jar:8.0.22]
	... 57 common frames omitted

2021-08-23 13:17:36.728  INFO 2906 --- [http-nio-8001-exec-1] com.zaxxer.hikari.HikariDataSource       : HikariPool-1 - Starting...
2021-08-23 13:17:36.767  INFO 2906 --- [http-nio-8001-exec-1] com.zaxxer.hikari.HikariDataSource       : HikariPool-1 - Start completed.
2021-08-23 13:17:37.573  INFO 2906 --- [http-nio-8001-exec-1] c.netflix.config.ChainedDynamicProperty  : Flipping property: oauth-service.ribbon.ActiveConnectionsLimit to use NEXT property: niws.loadbalancer.availabilityFilteringRule.activeConnectionsLimit = 2147483647
2021-08-23 13:17:37.620  INFO 2906 --- [http-nio-8001-exec-1] c.netflix.loadbalancer.BaseLoadBalancer  : Client: oauth-service instantiated a LoadBalancer: DynamicServerListLoadBalancer:{NFLoadBalancer:name=oauth-service,current list of Servers=[],Load balancer stats=Zone stats: {},Server stats: []}ServerList:null
2021-08-23 13:17:37.636  INFO 2906 --- [http-nio-8001-exec-1] c.n.l.DynamicServerListLoadBalancer      : Using serverListUpdater PollingServerListUpdater
2021-08-23 13:17:37.675  INFO 2906 --- [http-nio-8001-exec-1] c.netflix.config.ChainedDynamicProperty  : Flipping property: oauth-service.ribbon.ActiveConnectionsLimit to use NEXT property: niws.loadbalancer.availabilityFilteringRule.activeConnectionsLimit = 2147483647
2021-08-23 13:17:37.678  INFO 2906 --- [http-nio-8001-exec-1] c.n.l.DynamicServerListLoadBalancer      : DynamicServerListLoadBalancer for client oauth-service initialized: DynamicServerListLoadBalancer:{NFLoadBalancer:name=oauth-service,current list of Servers=[172.95.158.24:7001],Load balancer stats=Zone stats: {unknown=[Zone:unknown;	Instance count:1;	Active connections count: 0;	Circuit breaker tripped count: 0;	Active connections per server: 0.0;]
},Server stats: [[Server:172.95.158.24:7001;	Zone:UNKNOWN;	Total Requests:0;	Successive connection failure:0;	Total blackout seconds:0;	Last connection made:Thu Jan 01 08:00:00 CST 1970;	First connection made: Thu Jan 01 08:00:00 CST 1970;	Active Connections:0;	total failure count in last (1000) msecs:0;	average resp time:0.0;	90 percentile resp time:0.0;	95 percentile resp time:0.0;	min resp time:0.0;	max resp time:0.0;	stddev resp time:0.0]
]}ServerList:com.alibaba.cloud.nacos.ribbon.NacosServerList@2bb76992
2021-08-23 13:17:38.645  INFO 2906 --- [PollingServerListUpdater-0] c.netflix.config.ChainedDynamicProperty  : Flipping property: oauth-service.ribbon.ActiveConnectionsLimit to use NEXT property: niws.loadbalancer.availabilityFilteringRule.activeConnectionsLimit = 2147483647
2021-08-23 13:17:39.320  INFO 2906 --- [http-nio-8001-exec-1] c.netflix.config.ChainedDynamicProperty  : Flipping property: log-service.ribbon.ActiveConnectionsLimit to use NEXT property: niws.loadbalancer.availabilityFilteringRule.activeConnectionsLimit = 2147483647
2021-08-23 13:17:39.322  INFO 2906 --- [http-nio-8001-exec-1] c.netflix.loadbalancer.BaseLoadBalancer  : Client: log-service instantiated a LoadBalancer: DynamicServerListLoadBalancer:{NFLoadBalancer:name=log-service,current list of Servers=[],Load balancer stats=Zone stats: {},Server stats: []}ServerList:null
2021-08-23 13:17:39.323  INFO 2906 --- [http-nio-8001-exec-1] c.n.l.DynamicServerListLoadBalancer      : Using serverListUpdater PollingServerListUpdater
2021-08-23 13:17:39.337  INFO 2906 --- [http-nio-8001-exec-1] c.netflix.config.ChainedDynamicProperty  : Flipping property: log-service.ribbon.ActiveConnectionsLimit to use NEXT property: niws.loadbalancer.availabilityFilteringRule.activeConnectionsLimit = 2147483647
2021-08-23 13:17:39.339  INFO 2906 --- [http-nio-8001-exec-1] c.n.l.DynamicServerListLoadBalancer      : DynamicServerListLoadBalancer for client log-service initialized: DynamicServerListLoadBalancer:{NFLoadBalancer:name=log-service,current list of Servers=[172.95.158.24:8002],Load balancer stats=Zone stats: {unknown=[Zone:unknown;	Instance count:1;	Active connections count: 0;	Circuit breaker tripped count: 0;	Active connections per server: 0.0;]
},Server stats: [[Server:172.95.158.24:8002;	Zone:UNKNOWN;	Total Requests:0;	Successive connection failure:0;	Total blackout seconds:0;	Last connection made:Thu Jan 01 08:00:00 CST 1970;	First connection made: Thu Jan 01 08:00:00 CST 1970;	Active Connections:0;	total failure count in last (1000) msecs:0;	average resp time:0.0;	90 percentile resp time:0.0;	95 percentile resp time:0.0;	min resp time:0.0;	max resp time:0.0;	stddev resp time:0.0]
]}ServerList:com.alibaba.cloud.nacos.ribbon.NacosServerList@42d22d9c
2021-08-23 13:17:40.329  INFO 2906 --- [PollingServerListUpdater-0] c.netflix.config.ChainedDynamicProperty  : Flipping property: log-service.ribbon.ActiveConnectionsLimit to use NEXT property: niws.loadbalancer.availabilityFilteringRule.activeConnectionsLimit = 2147483647
2021-08-23 17:00:40.712  INFO 2906 --- [Thread-54] c.n.l.PollingServerListUpdater           : Shutting down the Executor Pool for PollingServerListUpdater
2021-08-23 17:00:41.289  INFO 2906 --- [SpringContextShutdownHook] o.s.s.c.ThreadPoolTaskScheduler          : Shutting down ExecutorService
2021-08-23 17:00:41.297  INFO 2906 --- [SpringContextShutdownHook] c.a.c.n.registry.NacosServiceRegistry    : De-registering from Nacos Server now...
2021-08-23 17:00:41.309  INFO 2906 --- [SpringContextShutdownHook] c.a.c.n.registry.NacosServiceRegistry    : De-registration finished.
2021-08-23 17:00:50.491  INFO 2906 --- [SpringContextShutdownHook] o.s.s.concurrent.ThreadPoolTaskExecutor  : Shutting down ExecutorService 'applicationTaskExecutor'
2021-08-23 17:00:50.678  INFO 2906 --- [SpringContextShutdownHook] com.zaxxer.hikari.HikariDataSource       : HikariPool-1 - Shutdown initiated...
2021-08-23 17:00:50.695  INFO 2906 --- [SpringContextShutdownHook] com.zaxxer.hikari.HikariDataSource       : HikariPool-1 - Shutdown completed.
2021-08-23 17:00:50.708  WARN 2906 --- [SpringContextShutdownHook] s.c.a.AnnotationConfigApplicationContext : Exception thrown from ApplicationListener handling ContextClosedEvent

org.springframework.beans.factory.BeanCreationNotAllowedException: Error creating bean with name 'registrationListener': Singleton bean creation not allowed while singletons of this factory are in destruction (Do not request a bean from a BeanFactory in a destroy method implementation!)
	at org.springframework.beans.factory.support.DefaultSingletonBeanRegistry.getSingleton(DefaultSingletonBeanRegistry.java:220) [spring-beans-5.2.12.RELEASE.jar:5.2.12.RELEASE]
	at org.springframework.beans.factory.support.AbstractBeanFactory.doGetBean(AbstractBeanFactory.java:322) ~[spring-beans-5.2.12.RELEASE.jar:5.2.12.RELEASE]
	at org.springframework.beans.factory.support.AbstractBeanFactory.getBean(AbstractBeanFactory.java:202) ~[spring-beans-5.2.12.RELEASE.jar:5.2.12.RELEASE]
	at org.springframework.context.support.AbstractApplicationContext.getBean(AbstractApplicationContext.java:1109) [spring-context-5.2.12.RELEASE.jar:5.2.12.RELEASE]
	at org.springframework.context.event.ApplicationListenerMethodAdapter.getTargetBean(ApplicationListenerMethodAdapter.java:332) ~[spring-context-5.2.12.RELEASE.jar:5.2.12.RELEASE]
	at org.springframework.context.event.ApplicationListenerMethodAdapter.doInvoke(ApplicationListenerMethodAdapter.java:297) ~[spring-context-5.2.12.RELEASE.jar:5.2.12.RELEASE]
	at org.springframework.context.event.ApplicationListenerMethodAdapter.processEvent(ApplicationListenerMethodAdapter.java:190) ~[spring-context-5.2.12.RELEASE.jar:5.2.12.RELEASE]
	at org.springframework.context.event.ApplicationListenerMethodAdapter.onApplicationEvent(ApplicationListenerMethodAdapter.java:153) ~[spring-context-5.2.12.RELEASE.jar:5.2.12.RELEASE]
	at org.springframework.context.event.SimpleApplicationEventMulticaster.doInvokeListener(SimpleApplicationEventMulticaster.java:172) ~[spring-context-5.2.12.RELEASE.jar:5.2.12.RELEASE]
	at org.springframework.context.event.SimpleApplicationEventMulticaster.invokeListener(SimpleApplicationEventMulticaster.java:165) ~[spring-context-5.2.12.RELEASE.jar:5.2.12.RELEASE]
	at org.springframework.context.event.SimpleApplicationEventMulticaster.multicastEvent(SimpleApplicationEventMulticaster.java:139) ~[spring-context-5.2.12.RELEASE.jar:5.2.12.RELEASE]
	at org.springframework.context.support.AbstractApplicationContext.publishEvent(AbstractApplicationContext.java:404) [spring-context-5.2.12.RELEASE.jar:5.2.12.RELEASE]
	at org.springframework.context.support.AbstractApplicationContext.publishEvent(AbstractApplicationContext.java:410) [spring-context-5.2.12.RELEASE.jar:5.2.12.RELEASE]
	at org.springframework.context.support.AbstractApplicationContext.publishEvent(AbstractApplicationContext.java:361) [spring-context-5.2.12.RELEASE.jar:5.2.12.RELEASE]
	at org.springframework.context.support.AbstractApplicationContext.doClose(AbstractApplicationContext.java:1013) [spring-context-5.2.12.RELEASE.jar:5.2.12.RELEASE]
	at org.springframework.context.support.AbstractApplicationContext.close(AbstractApplicationContext.java:979) [spring-context-5.2.12.RELEASE.jar:5.2.12.RELEASE]
	at org.springframework.cloud.context.named.NamedContextFactory.destroy(NamedContextFactory.java:93) [spring-cloud-context-2.2.6.RELEASE.jar:2.2.6.RELEASE]
	at org.springframework.beans.factory.support.DisposableBeanAdapter.destroy(DisposableBeanAdapter.java:258) [spring-beans-5.2.12.RELEASE.jar:5.2.12.RELEASE]
	at org.springframework.beans.factory.support.DefaultSingletonBeanRegistry.destroyBean(DefaultSingletonBeanRegistry.java:587) [spring-beans-5.2.12.RELEASE.jar:5.2.12.RELEASE]
	at org.springframework.beans.factory.support.DefaultSingletonBeanRegistry.destroySingleton(DefaultSingletonBeanRegistry.java:559) [spring-beans-5.2.12.RELEASE.jar:5.2.12.RELEASE]
	at org.springframework.beans.factory.support.DefaultListableBeanFactory.destroySingleton(DefaultListableBeanFactory.java:1092) [spring-beans-5.2.12.RELEASE.jar:5.2.12.RELEASE]
	at org.springframework.beans.factory.support.DefaultSingletonBeanRegistry.destroySingletons(DefaultSingletonBeanRegistry.java:520) [spring-beans-5.2.12.RELEASE.jar:5.2.12.RELEASE]
	at org.springframework.beans.factory.support.DefaultListableBeanFactory.destroySingletons(DefaultListableBeanFactory.java:1085) [spring-beans-5.2.12.RELEASE.jar:5.2.12.RELEASE]
	at org.springframework.context.support.AbstractApplicationContext.destroyBeans(AbstractApplicationContext.java:1061) [spring-context-5.2.12.RELEASE.jar:5.2.12.RELEASE]
	at org.springframework.context.support.AbstractApplicationContext.doClose(AbstractApplicationContext.java:1030) [spring-context-5.2.12.RELEASE.jar:5.2.12.RELEASE]
	at org.springframework.boot.web.servlet.context.ServletWebServerApplicationContext.doClose(ServletWebServerApplicationContext.java:170) [spring-boot-2.3.7.RELEASE.jar:2.3.7.RELEASE]
	at org.springframework.context.support.AbstractApplicationContext$1.run(AbstractApplicationContext.java:949) [spring-context-5.2.12.RELEASE.jar:5.2.12.RELEASE]

2021-08-23 17:00:50.742  WARN 2906 --- [SpringContextShutdownHook] s.c.a.AnnotationConfigApplicationContext : Exception thrown from ApplicationListener handling ContextClosedEvent

org.springframework.beans.factory.BeanCreationNotAllowedException: Error creating bean with name 'registrationListener': Singleton bean creation not allowed while singletons of this factory are in destruction (Do not request a bean from a BeanFactory in a destroy method implementation!)
	at org.springframework.beans.factory.support.DefaultSingletonBeanRegistry.getSingleton(DefaultSingletonBeanRegistry.java:220) [spring-beans-5.2.12.RELEASE.jar:5.2.12.RELEASE]
	at org.springframework.beans.factory.support.AbstractBeanFactory.doGetBean(AbstractBeanFactory.java:322) ~[spring-beans-5.2.12.RELEASE.jar:5.2.12.RELEASE]
	at org.springframework.beans.factory.support.AbstractBeanFactory.getBean(AbstractBeanFactory.java:202) ~[spring-beans-5.2.12.RELEASE.jar:5.2.12.RELEASE]
	at org.springframework.context.support.AbstractApplicationContext.getBean(AbstractApplicationContext.java:1109) [spring-context-5.2.12.RELEASE.jar:5.2.12.RELEASE]
	at org.springframework.context.event.ApplicationListenerMethodAdapter.getTargetBean(ApplicationListenerMethodAdapter.java:332) ~[spring-context-5.2.12.RELEASE.jar:5.2.12.RELEASE]
	at org.springframework.context.event.ApplicationListenerMethodAdapter.doInvoke(ApplicationListenerMethodAdapter.java:297) ~[spring-context-5.2.12.RELEASE.jar:5.2.12.RELEASE]
	at org.springframework.context.event.ApplicationListenerMethodAdapter.processEvent(ApplicationListenerMethodAdapter.java:190) ~[spring-context-5.2.12.RELEASE.jar:5.2.12.RELEASE]
	at org.springframework.context.event.ApplicationListenerMethodAdapter.onApplicationEvent(ApplicationListenerMethodAdapter.java:153) ~[spring-context-5.2.12.RELEASE.jar:5.2.12.RELEASE]
	at org.springframework.context.event.SimpleApplicationEventMulticaster.doInvokeListener(SimpleApplicationEventMulticaster.java:172) ~[spring-context-5.2.12.RELEASE.jar:5.2.12.RELEASE]
	at org.springframework.context.event.SimpleApplicationEventMulticaster.invokeListener(SimpleApplicationEventMulticaster.java:165) ~[spring-context-5.2.12.RELEASE.jar:5.2.12.RELEASE]
	at org.springframework.context.event.SimpleApplicationEventMulticaster.multicastEvent(SimpleApplicationEventMulticaster.java:139) ~[spring-context-5.2.12.RELEASE.jar:5.2.12.RELEASE]
	at org.springframework.context.support.AbstractApplicationContext.publishEvent(AbstractApplicationContext.java:404) [spring-context-5.2.12.RELEASE.jar:5.2.12.RELEASE]
	at org.springframework.context.support.AbstractApplicationContext.publishEvent(AbstractApplicationContext.java:410) [spring-context-5.2.12.RELEASE.jar:5.2.12.RELEASE]
	at org.springframework.context.support.AbstractApplicationContext.publishEvent(AbstractApplicationContext.java:361) [spring-context-5.2.12.RELEASE.jar:5.2.12.RELEASE]
	at org.springframework.context.support.AbstractApplicationContext.doClose(AbstractApplicationContext.java:1013) [spring-context-5.2.12.RELEASE.jar:5.2.12.RELEASE]
	at org.springframework.context.support.AbstractApplicationContext.close(AbstractApplicationContext.java:979) [spring-context-5.2.12.RELEASE.jar:5.2.12.RELEASE]
	at org.springframework.cloud.context.named.NamedContextFactory.destroy(NamedContextFactory.java:93) [spring-cloud-context-2.2.6.RELEASE.jar:2.2.6.RELEASE]
	at org.springframework.beans.factory.support.DisposableBeanAdapter.destroy(DisposableBeanAdapter.java:258) [spring-beans-5.2.12.RELEASE.jar:5.2.12.RELEASE]
	at org.springframework.beans.factory.support.DefaultSingletonBeanRegistry.destroyBean(DefaultSingletonBeanRegistry.java:587) [spring-beans-5.2.12.RELEASE.jar:5.2.12.RELEASE]
	at org.springframework.beans.factory.support.DefaultSingletonBeanRegistry.destroySingleton(DefaultSingletonBeanRegistry.java:559) [spring-beans-5.2.12.RELEASE.jar:5.2.12.RELEASE]
	at org.springframework.beans.factory.support.DefaultListableBeanFactory.destroySingleton(DefaultListableBeanFactory.java:1092) [spring-beans-5.2.12.RELEASE.jar:5.2.12.RELEASE]
	at org.springframework.beans.factory.support.DefaultSingletonBeanRegistry.destroySingletons(DefaultSingletonBeanRegistry.java:520) [spring-beans-5.2.12.RELEASE.jar:5.2.12.RELEASE]
	at org.springframework.beans.factory.support.DefaultListableBeanFactory.destroySingletons(DefaultListableBeanFactory.java:1085) [spring-beans-5.2.12.RELEASE.jar:5.2.12.RELEASE]
	at org.springframework.context.support.AbstractApplicationContext.destroyBeans(AbstractApplicationContext.java:1061) [spring-context-5.2.12.RELEASE.jar:5.2.12.RELEASE]
	at org.springframework.context.support.AbstractApplicationContext.doClose(AbstractApplicationContext.java:1030) [spring-context-5.2.12.RELEASE.jar:5.2.12.RELEASE]
	at org.springframework.boot.web.servlet.context.ServletWebServerApplicationContext.doClose(ServletWebServerApplicationContext.java:170) [spring-boot-2.3.7.RELEASE.jar:2.3.7.RELEASE]
	at org.springframework.context.support.AbstractApplicationContext$1.run(AbstractApplicationContext.java:949) [spring-context-5.2.12.RELEASE.jar:5.2.12.RELEASE]

2021-08-23 17:00:50.769  WARN 2906 --- [SpringContextShutdownHook] s.c.a.AnnotationConfigApplicationContext : Exception thrown from ApplicationListener handling ContextClosedEvent

org.springframework.beans.factory.BeanCreationNotAllowedException: Error creating bean with name 'registrationListener': Singleton bean creation not allowed while singletons of this factory are in destruction (Do not request a bean from a BeanFactory in a destroy method implementation!)
	at org.springframework.beans.factory.support.DefaultSingletonBeanRegistry.getSingleton(DefaultSingletonBeanRegistry.java:220) [spring-beans-5.2.12.RELEASE.jar:5.2.12.RELEASE]
	at org.springframework.beans.factory.support.AbstractBeanFactory.doGetBean(AbstractBeanFactory.java:322) ~[spring-beans-5.2.12.RELEASE.jar:5.2.12.RELEASE]
	at org.springframework.beans.factory.support.AbstractBeanFactory.getBean(AbstractBeanFactory.java:202) ~[spring-beans-5.2.12.RELEASE.jar:5.2.12.RELEASE]
	at org.springframework.context.support.AbstractApplicationContext.getBean(AbstractApplicationContext.java:1109) [spring-context-5.2.12.RELEASE.jar:5.2.12.RELEASE]
	at org.springframework.context.event.ApplicationListenerMethodAdapter.getTargetBean(ApplicationListenerMethodAdapter.java:332) ~[spring-context-5.2.12.RELEASE.jar:5.2.12.RELEASE]
	at org.springframework.context.event.ApplicationListenerMethodAdapter.doInvoke(ApplicationListenerMethodAdapter.java:297) ~[spring-context-5.2.12.RELEASE.jar:5.2.12.RELEASE]
	at org.springframework.context.event.ApplicationListenerMethodAdapter.processEvent(ApplicationListenerMethodAdapter.java:190) ~[spring-context-5.2.12.RELEASE.jar:5.2.12.RELEASE]
	at org.springframework.context.event.ApplicationListenerMethodAdapter.onApplicationEvent(ApplicationListenerMethodAdapter.java:153) ~[spring-context-5.2.12.RELEASE.jar:5.2.12.RELEASE]
	at org.springframework.context.event.SimpleApplicationEventMulticaster.doInvokeListener(SimpleApplicationEventMulticaster.java:172) ~[spring-context-5.2.12.RELEASE.jar:5.2.12.RELEASE]
	at org.springframework.context.event.SimpleApplicationEventMulticaster.invokeListener(SimpleApplicationEventMulticaster.java:165) ~[spring-context-5.2.12.RELEASE.jar:5.2.12.RELEASE]
	at org.springframework.context.event.SimpleApplicationEventMulticaster.multicastEvent(SimpleApplicationEventMulticaster.java:139) ~[spring-context-5.2.12.RELEASE.jar:5.2.12.RELEASE]
	at org.springframework.context.support.AbstractApplicationContext.publishEvent(AbstractApplicationContext.java:404) [spring-context-5.2.12.RELEASE.jar:5.2.12.RELEASE]
	at org.springframework.context.support.AbstractApplicationContext.publishEvent(AbstractApplicationContext.java:410) [spring-context-5.2.12.RELEASE.jar:5.2.12.RELEASE]
	at org.springframework.context.support.AbstractApplicationContext.publishEvent(AbstractApplicationContext.java:361) [spring-context-5.2.12.RELEASE.jar:5.2.12.RELEASE]
	at org.springframework.context.support.AbstractApplicationContext.doClose(AbstractApplicationContext.java:1013) [spring-context-5.2.12.RELEASE.jar:5.2.12.RELEASE]
	at org.springframework.context.support.AbstractApplicationContext.close(AbstractApplicationContext.java:979) [spring-context-5.2.12.RELEASE.jar:5.2.12.RELEASE]
	at org.springframework.cloud.context.named.NamedContextFactory.destroy(NamedContextFactory.java:93) [spring-cloud-context-2.2.6.RELEASE.jar:2.2.6.RELEASE]
	at org.springframework.beans.factory.support.DisposableBeanAdapter.destroy(DisposableBeanAdapter.java:258) [spring-beans-5.2.12.RELEASE.jar:5.2.12.RELEASE]
	at org.springframework.beans.factory.support.DefaultSingletonBeanRegistry.destroyBean(DefaultSingletonBeanRegistry.java:587) [spring-beans-5.2.12.RELEASE.jar:5.2.12.RELEASE]
	at org.springframework.beans.factory.support.DefaultSingletonBeanRegistry.destroySingleton(DefaultSingletonBeanRegistry.java:559) [spring-beans-5.2.12.RELEASE.jar:5.2.12.RELEASE]
	at org.springframework.beans.factory.support.DefaultListableBeanFactory.destroySingleton(DefaultListableBeanFactory.java:1092) [spring-beans-5.2.12.RELEASE.jar:5.2.12.RELEASE]
	at org.springframework.beans.factory.support.DefaultSingletonBeanRegistry.destroySingletons(DefaultSingletonBeanRegistry.java:520) [spring-beans-5.2.12.RELEASE.jar:5.2.12.RELEASE]
	at org.springframework.beans.factory.support.DefaultListableBeanFactory.destroySingletons(DefaultListableBeanFactory.java:1085) [spring-beans-5.2.12.RELEASE.jar:5.2.12.RELEASE]
	at org.springframework.context.support.AbstractApplicationContext.destroyBeans(AbstractApplicationContext.java:1061) [spring-context-5.2.12.RELEASE.jar:5.2.12.RELEASE]
	at org.springframework.context.support.AbstractApplicationContext.doClose(AbstractApplicationContext.java:1030) [spring-context-5.2.12.RELEASE.jar:5.2.12.RELEASE]
	at org.springframework.boot.web.servlet.context.ServletWebServerApplicationContext.doClose(ServletWebServerApplicationContext.java:170) [spring-boot-2.3.7.RELEASE.jar:2.3.7.RELEASE]
	at org.springframework.context.support.AbstractApplicationContext$1.run(AbstractApplicationContext.java:949) [spring-context-5.2.12.RELEASE.jar:5.2.12.RELEASE]

2021-08-23 17:00:50.780  WARN 2906 --- [SpringContextShutdownHook] s.c.a.AnnotationConfigApplicationContext : Exception thrown from ApplicationListener handling ContextClosedEvent

org.springframework.beans.factory.BeanCreationNotAllowedException: Error creating bean with name 'registrationListener': Singleton bean creation not allowed while singletons of this factory are in destruction (Do not request a bean from a BeanFactory in a destroy method implementation!)
	at org.springframework.beans.factory.support.DefaultSingletonBeanRegistry.getSingleton(DefaultSingletonBeanRegistry.java:220) [spring-beans-5.2.12.RELEASE.jar:5.2.12.RELEASE]
	at org.springframework.beans.factory.support.AbstractBeanFactory.doGetBean(AbstractBeanFactory.java:322) ~[spring-beans-5.2.12.RELEASE.jar:5.2.12.RELEASE]
	at org.springframework.beans.factory.support.AbstractBeanFactory.getBean(AbstractBeanFactory.java:202) ~[spring-beans-5.2.12.RELEASE.jar:5.2.12.RELEASE]
	at org.springframework.context.support.AbstractApplicationContext.getBean(AbstractApplicationContext.java:1109) [spring-context-5.2.12.RELEASE.jar:5.2.12.RELEASE]
	at org.springframework.context.event.ApplicationListenerMethodAdapter.getTargetBean(ApplicationListenerMethodAdapter.java:332) ~[spring-context-5.2.12.RELEASE.jar:5.2.12.RELEASE]
	at org.springframework.context.event.ApplicationListenerMethodAdapter.doInvoke(ApplicationListenerMethodAdapter.java:297) ~[spring-context-5.2.12.RELEASE.jar:5.2.12.RELEASE]
	at org.springframework.context.event.ApplicationListenerMethodAdapter.processEvent(ApplicationListenerMethodAdapter.java:190) ~[spring-context-5.2.12.RELEASE.jar:5.2.12.RELEASE]
	at org.springframework.context.event.ApplicationListenerMethodAdapter.onApplicationEvent(ApplicationListenerMethodAdapter.java:153) ~[spring-context-5.2.12.RELEASE.jar:5.2.12.RELEASE]
	at org.springframework.context.event.SimpleApplicationEventMulticaster.doInvokeListener(SimpleApplicationEventMulticaster.java:172) ~[spring-context-5.2.12.RELEASE.jar:5.2.12.RELEASE]
	at org.springframework.context.event.SimpleApplicationEventMulticaster.invokeListener(SimpleApplicationEventMulticaster.java:165) ~[spring-context-5.2.12.RELEASE.jar:5.2.12.RELEASE]
	at org.springframework.context.event.SimpleApplicationEventMulticaster.multicastEvent(SimpleApplicationEventMulticaster.java:139) ~[spring-context-5.2.12.RELEASE.jar:5.2.12.RELEASE]
	at org.springframework.context.support.AbstractApplicationContext.publishEvent(AbstractApplicationContext.java:404) [spring-context-5.2.12.RELEASE.jar:5.2.12.RELEASE]
	at org.springframework.context.support.AbstractApplicationContext.publishEvent(AbstractApplicationContext.java:410) [spring-context-5.2.12.RELEASE.jar:5.2.12.RELEASE]
	at org.springframework.context.support.AbstractApplicationContext.publishEvent(AbstractApplicationContext.java:361) [spring-context-5.2.12.RELEASE.jar:5.2.12.RELEASE]
	at org.springframework.context.support.AbstractApplicationContext.doClose(AbstractApplicationContext.java:1013) [spring-context-5.2.12.RELEASE.jar:5.2.12.RELEASE]
	at org.springframework.context.support.AbstractApplicationContext.close(AbstractApplicationContext.java:979) [spring-context-5.2.12.RELEASE.jar:5.2.12.RELEASE]
	at org.springframework.cloud.context.named.NamedContextFactory.destroy(NamedContextFactory.java:93) [spring-cloud-context-2.2.6.RELEASE.jar:2.2.6.RELEASE]
	at org.springframework.beans.factory.support.DisposableBeanAdapter.destroy(DisposableBeanAdapter.java:258) [spring-beans-5.2.12.RELEASE.jar:5.2.12.RELEASE]
	at org.springframework.beans.factory.support.DefaultSingletonBeanRegistry.destroyBean(DefaultSingletonBeanRegistry.java:587) [spring-beans-5.2.12.RELEASE.jar:5.2.12.RELEASE]
	at org.springframework.beans.factory.support.DefaultSingletonBeanRegistry.destroySingleton(DefaultSingletonBeanRegistry.java:559) [spring-beans-5.2.12.RELEASE.jar:5.2.12.RELEASE]
	at org.springframework.beans.factory.support.DefaultListableBeanFactory.destroySingleton(DefaultListableBeanFactory.java:1092) [spring-beans-5.2.12.RELEASE.jar:5.2.12.RELEASE]
	at org.springframework.beans.factory.support.DefaultSingletonBeanRegistry.destroySingletons(DefaultSingletonBeanRegistry.java:520) [spring-beans-5.2.12.RELEASE.jar:5.2.12.RELEASE]
	at org.springframework.beans.factory.support.DefaultListableBeanFactory.destroySingletons(DefaultListableBeanFactory.java:1085) [spring-beans-5.2.12.RELEASE.jar:5.2.12.RELEASE]
	at org.springframework.context.support.AbstractApplicationContext.destroyBeans(AbstractApplicationContext.java:1061) [spring-context-5.2.12.RELEASE.jar:5.2.12.RELEASE]
	at org.springframework.context.support.AbstractApplicationContext.doClose(AbstractApplicationContext.java:1030) [spring-context-5.2.12.RELEASE.jar:5.2.12.RELEASE]
	at org.springframework.boot.web.servlet.context.ServletWebServerApplicationContext.doClose(ServletWebServerApplicationContext.java:170) [spring-boot-2.3.7.RELEASE.jar:2.3.7.RELEASE]
	at org.springframework.context.support.AbstractApplicationContext$1.run(AbstractApplicationContext.java:949) [spring-context-5.2.12.RELEASE.jar:5.2.12.RELEASE]

